

Microchip MPLAB XC8 Assembler V2.10 build 88905656 
                                                                                               Fri Apr 17 16:18:58 2020

Microchip MPLAB XC8 C Compiler v2.10 (Free license) build 20190730164152 Og1 
     1                           	processor	18F25K50
     2                           	fnconf	rparam,??,?,0
     3                           	opt	pw 120
     4                           	opt	flic
     5                           	psect	idataCOMRAM,global,class=CODE,delta=1,noexec
     6                           	psect	cinit,global,reloc=2,class=CODE,delta=1
     7                           	psect	bssCOMRAM,global,class=COMRAM,space=1,delta=1,noexec
     8                           	psect	dataCOMRAM,global,class=COMRAM,space=1,delta=1,noexec
     9                           	psect	cstackCOMRAM,global,class=COMRAM,space=1,delta=1,noexec
    10                           	psect	text0,global,reloc=2,class=CODE,delta=1
    11                           	psect	text1,global,reloc=2,class=CODE,delta=1
    12                           	psect	text2,global,reloc=2,class=CODE,delta=1
    13                           	psect	text3,global,reloc=2,class=CODE,delta=1
    14                           	psect	text4,global,reloc=2,class=CODE,delta=1
    15                           	psect	intcode,global,reloc=2,class=CODE,delta=1
    16                           	psect	intsave_regs,global,class=BIGRAM,space=1,delta=1,noexec
    17                           	psect	rparam,global,class=COMRAM,space=1,delta=1,noexec
    18                           	psect	temp,global,ovrld,common,class=COMRAM,space=1,delta=1
    19  0000                     
    20                           ; Version 2.10
    21                           ; Generated 31/07/2019 GMT
    22                           ; 
    23                           ; Copyright © 2019, Microchip Technology Inc. and its subsidiaries ("Microchip")
    24                           ; All rights reserved.
    25                           ; 
    26                           ; This software is developed by Microchip Technology Inc. and its subsidiaries ("Microch
      +                          ip").
    27                           ; 
    28                           ; Redistribution and use in source and binary forms, with or without modification, are
    29                           ; permitted provided that the following conditions are met:
    30                           ; 
    31                           ;     1. Redistributions of source code must retain the above copyright notice, this lis
      +                          t of
    32                           ;        conditions and the following disclaimer.
    33                           ; 
    34                           ;     2. Redistributions in binary form must reproduce the above copyright notice, this 
      +                          list
    35                           ;        of conditions and the following disclaimer in the documentation and/or other
    36                           ;        materials provided with the distribution.
    37                           ; 
    38                           ;     3. Microchip's name may not be used to endorse or promote products derived from th
      +                          is
    39                           ;        software without specific prior written permission.
    40                           ; 
    41                           ; THIS SOFTWARE IS PROVIDED BY MICROCHIP "AS IS" AND ANY EXPRESS OR IMPLIED WARRANTIES,
    42                           ; INCLUDING, BUT NOT LIMITED TO, THE IMPLIED WARRANTIES OF MERCHANTABILITY AND FITNESS F
      +                          OR
    43                           ; PURPOSE ARE DISCLAIMED.  IN NO EVENT SHALL MICROCHIP BE LIABLE FOR ANY DIRECT, INDIREC
      +                          T,
    44                           ; INCIDENTAL, SPECIAL, EXEMPLARY, OR CONSEQUENTIAL DAMAGES (INCLUDING BUT NOT LIMITED TO
    45                           ; PROCUREMENT OF SUBSTITUTE GOODS OR SERVICES; LOSS OF USE, DATA OR PROFITS; OR BUSINESS
    46                           ; INTERRUPTION) HOWSOEVER CAUSED AND ON ANY THEORY OF LIABILITY, WHETHER IN CONTRACT, ST
      +                          RICT
    47                           ; LIABILITY, OR TORT (INCLUDING NEGLIGENCE OR OTHERWISE) ARISING IN ANY WAY OUT OF THE U
      +                          SE OF
    48                           ; THIS SOFTWARE, EVEN IF ADVISED OF THE POSSIBILITY OF SUCH DAMAGE.
    49                           ; 
    50                           ; 
    51                           ; Code-generator required, PIC18F25K50 Definitions
    52                           ; 
    53                           ; SFR Addresses
    54  0000                     
    55                           	psect	idataCOMRAM
    56  001242                     __pidataCOMRAM:
    57                           	opt callstack 0
    58                           
    59                           ;initializer for _T0Thres
    60  001242  01                 	db	1
    61                           
    62                           ;initializer for _sent
    63  001243  11                 	db	17
    64  0000                     _ANSELA	set	3931
    65  0000                     _ADCON0bits	set	4034
    66  0000                     _LATBbits	set	3978
    67  0000                     _ADRESH	set	4036
    68  0000                     _SSPCON1bits	set	4038
    69  0000                     _SSPSTATbits	set	4039
    70  0000                     _SSPBUF	set	4041
    71  0000                     _PIR1bits	set	3998
    72  0000                     _TMR0L	set	4054
    73  0000                     _TMR0H	set	4055
    74  0000                     _T0CON	set	4053
    75  0000                     _TMR2	set	4028
    76  0000                     _T2CON	set	4026
    77  0000                     _PR2	set	4027
    78  0000                     _ADCON2	set	4032
    79  0000                     _ADCON0	set	4034
    80  0000                     _PIE1bits	set	3997
    81  0000                     _SSPCON2	set	4037
    82  0000                     _SSPSTAT	set	4039
    83  0000                     _SSPCON1	set	4038
    84  0000                     _SSPADD	set	4040
    85  0000                     _TRISBbits	set	3987
    86  0000                     _TRISC	set	3988
    87  0000                     _LATC	set	3979
    88  0000                     _TRISB	set	3987
    89  0000                     _CM1CON0	set	3992
    90  0000                     _ADCON1	set	4033
    91  0000                     _TRISA	set	3986
    92  0000                     _LATCbits	set	3979
    93  0000                     _PORTB	set	3969
    94  0000                     _PORTA	set	3968
    95  0000                     _T0CONbits	set	4053
    96  0000                     _T2CONbits	set	4026
    97  0000                     _LATA	set	3977
    98  0000                     _LATB	set	3978
    99  0000                     _INTCONbits	set	4082
   100                           
   101                           ; #config settings
   102                           
   103                           	psect	cinit
   104  0011B2                     __pcinit:
   105                           	opt callstack 0
   106  0011B2                     start_initialization:
   107                           	opt callstack 0
   108  0011B2                     __initialization:
   109                           	opt callstack 0
   110                           
   111                           ; Initialize objects allocated to COMRAM (2 bytes)
   112                           ; load TBLPTR registers with __pidataCOMRAM
   113  0011B2  0E42               	movlw	low __pidataCOMRAM
   114  0011B4  6EF6               	movwf	tblptrl,c
   115  0011B6  0E12               	movlw	high __pidataCOMRAM
   116  0011B8  6EF7               	movwf	tblptrh,c
   117  0011BA  0E00               	movlw	low (__pidataCOMRAM shr (0+16))
   118  0011BC  6EF8               	movwf	tblptru,c
   119  0011BE  0009               	tblrd		*+	;fetch initializer
   120  0011C0  CFF5 F00F          	movff	tablat,__pdataCOMRAM
   121  0011C4  0009               	tblrd		*+	;fetch initializer
   122  0011C6  CFF5 F010          	movff	tablat,__pdataCOMRAM+1
   123                           
   124                           ; Clear objects allocated to COMRAM (14 bytes)
   125  0011CA  EE00  F001         	lfsr	0,__pbssCOMRAM
   126  0011CE  0E0E               	movlw	14
   127  0011D0                     clear_0:
   128  0011D0  6AEE               	clrf	postinc0,c
   129  0011D2  06E8               	decf	wreg,f,c
   130  0011D4  E1FD               	bnz	clear_0
   131  0011D6                     end_of_initialization:
   132                           	opt callstack 0
   133  0011D6                     __end_of__initialization:
   134                           	opt callstack 0
   135  0011D6  9013               	bcf	int$flags,0,c	;clear compiler interrupt flag (level 1)
   136  0011D8  9213               	bcf	int$flags,1,c	;clear compiler interrupt flag (level 2)
   137  0011DA  0100               	movlb	0
   138  0011DC  EFAE  F008         	goto	_main	;jump to C main() function
   139                           
   140                           	psect	bssCOMRAM
   141  000001                     __pbssCOMRAM:
   142                           	opt callstack 0
   143  000001                     _Rxbuf:
   144                           	opt callstack 0
   145  000001                     	ds	4
   146  000005                     _Txbuf:
   147                           	opt callstack 0
   148  000005                     	ds	4
   149  000009                     _I2Cstatus:
   150                           	opt callstack 0
   151  000009                     	ds	1
   152  00000A                     _T0count:
   153                           	opt callstack 0
   154  00000A                     	ds	1
   155  00000B                     _RxStatus:
   156                           	opt callstack 0
   157  00000B                     	ds	1
   158  00000C                     _data_past:
   159                           	opt callstack 0
   160  00000C                     	ds	1
   161  00000D                     _addr:
   162                           	opt callstack 0
   163  00000D                     	ds	1
   164  00000E                     _data:
   165                           	opt callstack 0
   166  00000E                     	ds	1
   167                           
   168                           	psect	dataCOMRAM
   169  00000F                     __pdataCOMRAM:
   170                           	opt callstack 0
   171  00000F                     _T0Thres:
   172                           	opt callstack 0
   173  00000F                     	ds	1
   174  000010                     _sent:
   175                           	opt callstack 0
   176  000010                     	ds	1
   177                           
   178                           	psect	cstackCOMRAM
   179  000011                     __pcstackCOMRAM:
   180                           	opt callstack 0
   181  000011                     ??_high_ISR:
   182                           
   183                           ; 1 bytes @ 0x0
   184  000011                     	ds	2
   185  000013                     
   186                           ; 1 bytes @ 0x2
   187 ;;
   188 ;;Main: autosize = 0, tempsize = 0, incstack = 0, save=0
   189 ;;
   190 ;; *************** function _main *****************
   191 ;; Defined at:
   192 ;;		line 64 in file "I2C_slave.c"
   193 ;; Parameters:    Size  Location     Type
   194 ;;		None
   195 ;; Auto vars:     Size  Location     Type
   196 ;;		None
   197 ;; Return value:  Size  Location     Type
   198 ;;                  1    wreg      void 
   199 ;; Registers used:
   200 ;;		wreg, status,2, status,0, cstack
   201 ;; Tracked objects:
   202 ;;		On entry : 0/0
   203 ;;		On exit  : 0/0
   204 ;;		Unchanged: 0/0
   205 ;; Data sizes:     COMRAM   BANK0   BANK1   BANK2   BANK3   BANK4   BANK5   BANK6   BANK7
   206 ;;      Params:         0       0       0       0       0       0       0       0       0
   207 ;;      Locals:         0       0       0       0       0       0       0       0       0
   208 ;;      Temps:          0       0       0       0       0       0       0       0       0
   209 ;;      Totals:         0       0       0       0       0       0       0       0       0
   210 ;;Total ram usage:        0 bytes
   211 ;; Hardware stack levels required when called:    2
   212 ;; This function calls:
   213 ;;		_init_ADC
   214 ;;		_init_Chip
   215 ;;		_init_I2C
   216 ;;		_init_TM0
   217 ;; This function is called by:
   218 ;;		Startup code after reset
   219 ;; This function uses a non-reentrant model
   220 ;;
   221                           
   222                           	psect	text0
   223  00115C                     __ptext0:
   224                           	opt callstack 0
   225  00115C                     _main:
   226                           	opt callstack 29
   227  00115C                     
   228                           ;I2C_slave.c: 66:     init_Chip();
   229  00115C  ECF0  F008         	call	_init_Chip	;wreg free
   230                           
   231                           ;I2C_slave.c: 67:     init_I2C();
   232  001160  EC04  F009         	call	_init_I2C	;wreg free
   233                           
   234                           ;I2C_slave.c: 68:     init_ADC();
   235  001164  EC1A  F009         	call	_init_ADC	;wreg free
   236                           
   237                           ;I2C_slave.c: 70:     init_TM0();
   238  001168  EC11  F009         	call	_init_TM0	;wreg free
   239  00116C                     
   240                           ;I2C_slave.c: 73:     Txbuf.idx = 0;
   241  00116C  0E00               	movlw	0
   242  00116E  6E08               	movwf	(_Txbuf+3)^0,c
   243  001170                     
   244                           ;I2C_slave.c: 74:     Rxbuf.idx = 0;
   245  001170  0E00               	movlw	0
   246  001172  6E04               	movwf	(_Rxbuf+3)^0,c
   247  001174                     
   248                           ;I2C_slave.c: 76:     INTCONbits.GIE = 1;
   249  001174  8EF2               	bsf	242,7,c	;volatile
   250  001176                     
   251                           ;I2C_slave.c: 77:     LATB = 0;
   252  001176  0E00               	movlw	0
   253  001178  6E8A               	movwf	138,c	;volatile
   254  00117A                     
   255                           ;I2C_slave.c: 78:     LATA = 0;
   256  00117A  0E00               	movlw	0
   257  00117C  6E89               	movwf	137,c	;volatile
   258  00117E                     
   259                           ;I2C_slave.c: 79:     T2CONbits.TMR2ON = 1;
   260  00117E  84BA               	bsf	186,2,c	;volatile
   261  001180                     
   262                           ;I2C_slave.c: 80:     T0CONbits.TMR0ON = 1;
   263  001180  8ED5               	bsf	213,7,c	;volatile
   264  001182                     l860:
   265                           
   266                           ;I2C_slave.c: 83:     {;I2C_slave.c: 84:         LATA = Rxbuf.data[2];
   267  001182  C003  FF89         	movff	_Rxbuf+2,3977	;volatile
   268  001186                     
   269                           ;I2C_slave.c: 88:         Txbuf.data[1] = PORTA;
   270  001186  CF80 F006          	movff	3968,_Txbuf+1	;volatile
   271  00118A                     
   272                           ;I2C_slave.c: 89:         Txbuf.data[2] = PORTB;
   273  00118A  CF81 F007          	movff	3969,_Txbuf+2	;volatile
   274  00118E                     
   275                           ;I2C_slave.c: 90:         T0Thres = Rxbuf.data[0];
   276  00118E  C001  F00F         	movff	_Rxbuf,_T0Thres
   277  001192                     
   278                           ;I2C_slave.c: 92:         if(Rxbuf.data[1]==1){
   279  001192  0402               	decf	(_Rxbuf+1)^0,w,c
   280  001194  A4D8               	btfss	status,2,c
   281  001196  EFCF  F008         	goto	u11
   282  00119A  EFD1  F008         	goto	u10
   283  00119E                     u11:
   284  00119E  EFD4  F008         	goto	l106
   285  0011A2                     u10:
   286  0011A2                     
   287                           ;I2C_slave.c: 93:             LATCbits.LATC6 = 1;
   288  0011A2  8C8B               	bsf	139,6,c	;volatile
   289                           
   290                           ;I2C_slave.c: 94:         }
   291  0011A4  EFC1  F008         	goto	l860
   292  0011A8                     l106:
   293                           
   294                           ;I2C_slave.c: 96:             LATCbits.LATC6 = 0;
   295  0011A8  9C8B               	bcf	139,6,c	;volatile
   296  0011AA  EFC1  F008         	goto	l860
   297  0011AE  EFAC  F008         	goto	start
   298  0011B2                     __end_of_main:
   299                           	opt callstack 0
   300                           
   301 ;; *************** function _init_TM0 *****************
   302 ;; Defined at:
   303 ;;		line 166 in file "I2C_slave.c"
   304 ;; Parameters:    Size  Location     Type
   305 ;;		None
   306 ;; Auto vars:     Size  Location     Type
   307 ;;		None
   308 ;; Return value:  Size  Location     Type
   309 ;;                  1    wreg      void 
   310 ;; Registers used:
   311 ;;		wreg, status,2
   312 ;; Tracked objects:
   313 ;;		On entry : 0/0
   314 ;;		On exit  : 0/0
   315 ;;		Unchanged: 0/0
   316 ;; Data sizes:     COMRAM   BANK0   BANK1   BANK2   BANK3   BANK4   BANK5   BANK6   BANK7
   317 ;;      Params:         0       0       0       0       0       0       0       0       0
   318 ;;      Locals:         0       0       0       0       0       0       0       0       0
   319 ;;      Temps:          0       0       0       0       0       0       0       0       0
   320 ;;      Totals:         0       0       0       0       0       0       0       0       0
   321 ;;Total ram usage:        0 bytes
   322 ;; Hardware stack levels used:    1
   323 ;; Hardware stack levels required when called:    1
   324 ;; This function calls:
   325 ;;		Nothing
   326 ;; This function is called by:
   327 ;;		_main
   328 ;; This function uses a non-reentrant model
   329 ;;
   330                           
   331                           	psect	text1
   332  001222                     __ptext1:
   333                           	opt callstack 0
   334  001222                     _init_TM0:
   335                           	opt callstack 29
   336  001222                     
   337                           ;I2C_slave.c: 168:     T0CON = 0x43;
   338  001222  0E43               	movlw	67
   339  001224  6ED5               	movwf	213,c	;volatile
   340                           
   341                           ;I2C_slave.c: 169:     TMR0H = 0x4C;
   342  001226  0E4C               	movlw	76
   343  001228  6ED7               	movwf	215,c	;volatile
   344                           
   345                           ;I2C_slave.c: 170:     TMR0L = 0xB0;
   346  00122A  0EB0               	movlw	176
   347  00122C  6ED6               	movwf	214,c	;volatile
   348  00122E                     
   349                           ;I2C_slave.c: 171:     INTCONbits.TMR0IF = 0;
   350  00122E  94F2               	bcf	242,2,c	;volatile
   351  001230                     
   352                           ;I2C_slave.c: 172:     INTCONbits.TMR0IE = 1;
   353  001230  8AF2               	bsf	242,5,c	;volatile
   354  001232  0012               	return		;funcret
   355  001234                     __end_of_init_TM0:
   356                           	opt callstack 0
   357                           
   358 ;; *************** function _init_I2C *****************
   359 ;; Defined at:
   360 ;;		line 125 in file "I2C_slave.c"
   361 ;; Parameters:    Size  Location     Type
   362 ;;		None
   363 ;; Auto vars:     Size  Location     Type
   364 ;;		None
   365 ;; Return value:  Size  Location     Type
   366 ;;                  1    wreg      void 
   367 ;; Registers used:
   368 ;;		wreg, status,2
   369 ;; Tracked objects:
   370 ;;		On entry : 0/0
   371 ;;		On exit  : 0/0
   372 ;;		Unchanged: 0/0
   373 ;; Data sizes:     COMRAM   BANK0   BANK1   BANK2   BANK3   BANK4   BANK5   BANK6   BANK7
   374 ;;      Params:         0       0       0       0       0       0       0       0       0
   375 ;;      Locals:         0       0       0       0       0       0       0       0       0
   376 ;;      Temps:          0       0       0       0       0       0       0       0       0
   377 ;;      Totals:         0       0       0       0       0       0       0       0       0
   378 ;;Total ram usage:        0 bytes
   379 ;; Hardware stack levels used:    1
   380 ;; Hardware stack levels required when called:    1
   381 ;; This function calls:
   382 ;;		Nothing
   383 ;; This function is called by:
   384 ;;		_main
   385 ;; This function uses a non-reentrant model
   386 ;;
   387                           
   388                           	psect	text2
   389  001208                     __ptext2:
   390                           	opt callstack 0
   391  001208                     _init_I2C:
   392                           	opt callstack 29
   393  001208                     
   394                           ;I2C_slave.c: 128:     TRISBbits.TRISB0 = 1;
   395  001208  8093               	bsf	147,0,c	;volatile
   396                           
   397                           ;I2C_slave.c: 129:     TRISBbits.TRISB1 = 1;
   398  00120A  8293               	bsf	147,1,c	;volatile
   399  00120C                     
   400                           ;I2C_slave.c: 131:     SSPADD = 0x30;
   401  00120C  0E30               	movlw	48
   402  00120E  6EC8               	movwf	200,c	;volatile
   403                           
   404                           ;I2C_slave.c: 132:     SSPCON1 = 0x36;
   405  001210  0E36               	movlw	54
   406  001212  6EC6               	movwf	198,c	;volatile
   407                           
   408                           ;I2C_slave.c: 133:     SSPSTAT = 0x80;
   409  001214  0E80               	movlw	128
   410  001216  6EC7               	movwf	199,c	;volatile
   411                           
   412                           ;I2C_slave.c: 134:     SSPCON2 = 0x01;
   413  001218  0E01               	movlw	1
   414  00121A  6EC5               	movwf	197,c	;volatile
   415  00121C                     
   416                           ;I2C_slave.c: 136:     PIE1bits.SSPIE = 1;
   417  00121C  869D               	bsf	157,3,c	;volatile
   418  00121E                     
   419                           ;I2C_slave.c: 137:     INTCONbits.PEIE = 1;
   420  00121E  8CF2               	bsf	242,6,c	;volatile
   421  001220  0012               	return		;funcret
   422  001222                     __end_of_init_I2C:
   423                           	opt callstack 0
   424                           
   425 ;; *************** function _init_Chip *****************
   426 ;; Defined at:
   427 ;;		line 109 in file "I2C_slave.c"
   428 ;; Parameters:    Size  Location     Type
   429 ;;		None
   430 ;; Auto vars:     Size  Location     Type
   431 ;;		None
   432 ;; Return value:  Size  Location     Type
   433 ;;                  1    wreg      void 
   434 ;; Registers used:
   435 ;;		wreg, status,2
   436 ;; Tracked objects:
   437 ;;		On entry : 0/0
   438 ;;		On exit  : 0/0
   439 ;;		Unchanged: 0/0
   440 ;; Data sizes:     COMRAM   BANK0   BANK1   BANK2   BANK3   BANK4   BANK5   BANK6   BANK7
   441 ;;      Params:         0       0       0       0       0       0       0       0       0
   442 ;;      Locals:         0       0       0       0       0       0       0       0       0
   443 ;;      Temps:          0       0       0       0       0       0       0       0       0
   444 ;;      Totals:         0       0       0       0       0       0       0       0       0
   445 ;;Total ram usage:        0 bytes
   446 ;; Hardware stack levels used:    1
   447 ;; Hardware stack levels required when called:    1
   448 ;; This function calls:
   449 ;;		Nothing
   450 ;; This function is called by:
   451 ;;		_main
   452 ;; This function uses a non-reentrant model
   453 ;;
   454                           
   455                           	psect	text3
   456  0011E0                     __ptext3:
   457                           	opt callstack 0
   458  0011E0                     _init_Chip:
   459                           	opt callstack 29
   460  0011E0                     
   461                           ;I2C_slave.c: 111:     LATA = 0x00;
   462  0011E0  0E00               	movlw	0
   463  0011E2  6E89               	movwf	137,c	;volatile
   464  0011E4                     
   465                           ;I2C_slave.c: 112:     TRISA = 0xFF;
   466  0011E4  6892               	setf	146,c	;volatile
   467                           
   468                           ;I2C_slave.c: 115:     ADCON1 = 0x00;
   469  0011E6  0E00               	movlw	0
   470  0011E8  6EC1               	movwf	193,c	;volatile
   471                           
   472                           ;I2C_slave.c: 116:     ANSELA = 0x00;
   473  0011EA  0E00               	movlw	0
   474  0011EC  010F               	movlb	15	; () banked
   475  0011EE  6F5B               	movwf	91,b	;volatile
   476                           
   477                           ;I2C_slave.c: 117:     CM1CON0 = 0x00;
   478  0011F0  0E00               	movlw	0
   479  0011F2  6E98               	movwf	152,c	;volatile
   480                           
   481                           ;I2C_slave.c: 118:     LATB = 0x00;
   482  0011F4  0E00               	movlw	0
   483  0011F6  6E8A               	movwf	138,c	;volatile
   484                           
   485                           ;I2C_slave.c: 119:     TRISB = 0xF0;
   486  0011F8  0EF0               	movlw	240
   487  0011FA  6E93               	movwf	147,c	;volatile
   488                           
   489                           ;I2C_slave.c: 120:     LATC = 0x00;
   490  0011FC  0E00               	movlw	0
   491  0011FE  6E8B               	movwf	139,c	;volatile
   492                           
   493                           ;I2C_slave.c: 121:     TRISC = 0x00;
   494  001200  0E00               	movlw	0
   495  001202  6E94               	movwf	148,c	;volatile
   496  001204                     
   497                           ; BSR set to: 15
   498                           ;I2C_slave.c: 122:  INTCONbits.GIE = 0;
   499  001204  9EF2               	bcf	242,7,c	;volatile
   500  001206                     
   501                           ; BSR set to: 15
   502  001206  0012               	return		;funcret
   503  001208                     __end_of_init_Chip:
   504                           	opt callstack 0
   505                           
   506 ;; *************** function _init_ADC *****************
   507 ;; Defined at:
   508 ;;		line 147 in file "I2C_slave.c"
   509 ;; Parameters:    Size  Location     Type
   510 ;;		None
   511 ;; Auto vars:     Size  Location     Type
   512 ;;		None
   513 ;; Return value:  Size  Location     Type
   514 ;;                  1    wreg      void 
   515 ;; Registers used:
   516 ;;		wreg, status,2
   517 ;; Tracked objects:
   518 ;;		On entry : 0/0
   519 ;;		On exit  : 0/0
   520 ;;		Unchanged: 0/0
   521 ;; Data sizes:     COMRAM   BANK0   BANK1   BANK2   BANK3   BANK4   BANK5   BANK6   BANK7
   522 ;;      Params:         0       0       0       0       0       0       0       0       0
   523 ;;      Locals:         0       0       0       0       0       0       0       0       0
   524 ;;      Temps:          0       0       0       0       0       0       0       0       0
   525 ;;      Totals:         0       0       0       0       0       0       0       0       0
   526 ;;Total ram usage:        0 bytes
   527 ;; Hardware stack levels used:    1
   528 ;; Hardware stack levels required when called:    1
   529 ;; This function calls:
   530 ;;		Nothing
   531 ;; This function is called by:
   532 ;;		_main
   533 ;; This function uses a non-reentrant model
   534 ;;
   535                           
   536                           	psect	text4
   537  001234                     __ptext4:
   538                           	opt callstack 0
   539  001234                     _init_ADC:
   540                           	opt callstack 29
   541  001234                     
   542                           ;I2C_slave.c: 149:     ADCON0 = 0x01;
   543  001234  0E01               	movlw	1
   544  001236  6EC2               	movwf	194,c	;volatile
   545                           
   546                           ;I2C_slave.c: 150:     ADCON1 = 0x00;
   547  001238  0E00               	movlw	0
   548  00123A  6EC1               	movwf	193,c	;volatile
   549                           
   550                           ;I2C_slave.c: 151:     ADCON2 = 0x08;
   551  00123C  0E08               	movlw	8
   552  00123E  6EC0               	movwf	192,c	;volatile
   553  001240  0012               	return		;funcret
   554  001242                     __end_of_init_ADC:
   555                           	opt callstack 0
   556                           
   557 ;; *************** function _high_ISR *****************
   558 ;; Defined at:
   559 ;;		line 179 in file "I2C_slave.c"
   560 ;; Parameters:    Size  Location     Type
   561 ;;		None
   562 ;; Auto vars:     Size  Location     Type
   563 ;;		None
   564 ;; Return value:  Size  Location     Type
   565 ;;                  1    wreg      void 
   566 ;; Registers used:
   567 ;;		wreg, fsr2l, fsr2h, status,2, status,0
   568 ;; Tracked objects:
   569 ;;		On entry : 0/0
   570 ;;		On exit  : 0/0
   571 ;;		Unchanged: 0/0
   572 ;; Data sizes:     COMRAM   BANK0   BANK1   BANK2   BANK3   BANK4   BANK5   BANK6   BANK7
   573 ;;      Params:         0       0       0       0       0       0       0       0       0
   574 ;;      Locals:         0       0       0       0       0       0       0       0       0
   575 ;;      Temps:          2       0       0       0       0       0       0       0       0
   576 ;;      Totals:         2       0       0       0       0       0       0       0       0
   577 ;;Total ram usage:        2 bytes
   578 ;; Hardware stack levels used:    1
   579 ;; This function calls:
   580 ;;		Nothing
   581 ;; This function is called by:
   582 ;;		Interrupt level 2
   583 ;; This function uses a non-reentrant model
   584 ;;
   585                           
   586                           	psect	intcode
   587  001008                     __pintcode:
   588                           	opt callstack 0
   589  001008                     _high_ISR:
   590                           	opt callstack 29
   591                           
   592                           ;incstack = 0
   593  001008  8213               	bsf	int$flags,1,c	;set compiler interrupt flag (level 2)
   594  00100A  CFD9 F011          	movff	fsr2l,??_high_ISR
   595  00100E  CFDA F012          	movff	fsr2h,??_high_ISR+1
   596  001012                     
   597                           ;I2C_slave.c: 181:     if(PIR1bits.SSPIF==1){
   598  001012  A69E               	btfss	158,3,c	;volatile
   599  001014  EF0E  F008         	goto	i2u2_41
   600  001018  EF10  F008         	goto	i2u2_40
   601  00101C                     i2u2_41:
   602  00101C  EF81  F008         	goto	i2l928
   603  001020                     i2u2_40:
   604  001020                     
   605                           ;I2C_slave.c: 184:         if((SSPSTAT&0x20)==0){
   606  001020  BAC7               	btfsc	199,5,c	;volatile
   607  001022  EF15  F008         	goto	i2u3_41
   608  001026  EF17  F008         	goto	i2u3_40
   609  00102A                     i2u3_41:
   610  00102A  EF50  F008         	goto	i2l906
   611  00102E                     i2u3_40:
   612  00102E                     
   613                           ;I2C_slave.c: 186:             addr = SSPBUF;
   614  00102E  CFC9 F00D          	movff	4041,_addr	;volatile
   615                           
   616                           ;I2C_slave.c: 190:             if(SSPSTATbits.R_nW){
   617  001032  A4C7               	btfss	199,2,c	;volatile
   618  001034  EF1E  F008         	goto	i2u4_41
   619  001038  EF20  F008         	goto	i2u4_40
   620  00103C                     i2u4_41:
   621  00103C  EF4A  F008         	goto	i2l904
   622  001040                     i2u4_40:
   623  001040                     
   624                           ;I2C_slave.c: 191:                 I2Cstatus = 1;
   625  001040  0E01               	movlw	1
   626  001042  6E09               	movwf	_I2Cstatus^0,c
   627  001044                     
   628                           ;I2C_slave.c: 193:                 if((I2Cstatus==1)&&(Txbuf.idx<3))
   629  001044  0409               	decf	_I2Cstatus^0,w,c
   630  001046  A4D8               	btfss	status,2,c
   631  001048  EF28  F008         	goto	i2u5_41
   632  00104C  EF2A  F008         	goto	i2u5_40
   633  001050                     i2u5_41:
   634  001050  EF7D  F008         	goto	i2l920
   635  001054                     i2u5_40:
   636  001054  0E03               	movlw	3
   637  001056  6008               	cpfslt	(_Txbuf+3)^0,c
   638  001058  EF30  F008         	goto	i2u6_41
   639  00105C  EF32  F008         	goto	i2u6_40
   640  001060                     i2u6_41:
   641  001060  EF7D  F008         	goto	i2l920
   642  001064                     i2u6_40:
   643  001064                     
   644                           ;I2C_slave.c: 194:                 {;I2C_slave.c: 195:                     SSPBUF = Txbu
      +                          f.data[Txbuf.idx];
   645  001064  0E05               	movlw	low _Txbuf
   646  001066  2408               	addwf	(_Txbuf+3)^0,w,c
   647  001068  6ED9               	movwf	fsr2l,c
   648  00106A  6ADA               	clrf	fsr2h,c
   649  00106C  0E00               	movlw	high _Txbuf
   650  00106E  22DA               	addwfc	fsr2h,f,c
   651  001070  50DF               	movf	indf2,w,c
   652  001072  6EC9               	movwf	201,c	;volatile
   653  001074                     
   654                           ;I2C_slave.c: 197:                     Txbuf.idx++;
   655  001074  2A08               	incf	(_Txbuf+3)^0,f,c
   656  001076                     
   657                           ;I2C_slave.c: 198:                     if(Txbuf.idx==3){
   658  001076  0E03               	movlw	3
   659  001078  1808               	xorwf	(_Txbuf+3)^0,w,c
   660  00107A  A4D8               	btfss	status,2,c
   661  00107C  EF42  F008         	goto	i2u7_41
   662  001080  EF44  F008         	goto	i2u7_40
   663  001084                     i2u7_41:
   664  001084  EF4E  F008         	goto	i2l138
   665  001088                     i2u7_40:
   666  001088                     
   667                           ;I2C_slave.c: 200:                         I2Cstatus = 0;
   668  001088  0E00               	movlw	0
   669  00108A  6E09               	movwf	_I2Cstatus^0,c
   670                           
   671                           ;I2C_slave.c: 201:                         Txbuf.idx = 0;
   672  00108C  0E00               	movlw	0
   673  00108E  6E08               	movwf	(_Txbuf+3)^0,c
   674  001090  EF7D  F008         	goto	i2l920
   675  001094                     i2l904:
   676                           
   677                           ;I2C_slave.c: 207:                 I2Cstatus = 2;
   678  001094  0E02               	movlw	2
   679  001096  6E09               	movwf	_I2Cstatus^0,c
   680  001098  EF7D  F008         	goto	i2l920
   681  00109C                     i2l138:
   682                           
   683                           ;I2C_slave.c: 210:         }
   684  00109C  EF7D  F008         	goto	i2l920
   685  0010A0                     i2l906:
   686                           
   687                           ;I2C_slave.c: 213:             if((I2Cstatus==2)&&(Rxbuf.idx<3)){
   688  0010A0  0E02               	movlw	2
   689  0010A2  1809               	xorwf	_I2Cstatus^0,w,c
   690  0010A4  A4D8               	btfss	status,2,c
   691  0010A6  EF57  F008         	goto	i2u8_41
   692  0010AA  EF59  F008         	goto	i2u8_40
   693  0010AE                     i2u8_41:
   694  0010AE  EF79  F008         	goto	i2l918
   695  0010B2                     i2u8_40:
   696  0010B2  0E03               	movlw	3
   697  0010B4  6004               	cpfslt	(_Rxbuf+3)^0,c
   698  0010B6  EF5F  F008         	goto	i2u9_41
   699  0010BA  EF61  F008         	goto	i2u9_40
   700  0010BE                     i2u9_41:
   701  0010BE  EF79  F008         	goto	i2l918
   702  0010C2                     i2u9_40:
   703  0010C2                     
   704                           ;I2C_slave.c: 214:                 Rxbuf.data[Rxbuf.idx] = SSPBUF;
   705  0010C2  0E01               	movlw	low _Rxbuf
   706  0010C4  2404               	addwf	(_Rxbuf+3)^0,w,c
   707  0010C6  6ED9               	movwf	fsr2l,c
   708  0010C8  6ADA               	clrf	fsr2h,c
   709  0010CA  0E00               	movlw	high _Rxbuf
   710  0010CC  22DA               	addwfc	fsr2h,f,c
   711  0010CE  CFC9 FFDF          	movff	4041,indf2	;volatile
   712  0010D2                     
   713                           ;I2C_slave.c: 217:                 Rxbuf.idx++;
   714  0010D2  2A04               	incf	(_Rxbuf+3)^0,f,c
   715  0010D4                     
   716                           ;I2C_slave.c: 218:                 if(Rxbuf.idx==3){
   717  0010D4  0E03               	movlw	3
   718  0010D6  1804               	xorwf	(_Rxbuf+3)^0,w,c
   719  0010D8  A4D8               	btfss	status,2,c
   720  0010DA  EF71  F008         	goto	i2u10_41
   721  0010DE  EF73  F008         	goto	i2u10_40
   722  0010E2                     i2u10_41:
   723  0010E2  EF7D  F008         	goto	i2l920
   724  0010E6                     i2u10_40:
   725  0010E6                     
   726                           ;I2C_slave.c: 219:                     Rxbuf.idx = 0;
   727  0010E6  0E00               	movlw	0
   728  0010E8  6E04               	movwf	(_Rxbuf+3)^0,c
   729                           
   730                           ;I2C_slave.c: 220:                     I2Cstatus = 0;
   731  0010EA  0E00               	movlw	0
   732  0010EC  6E09               	movwf	_I2Cstatus^0,c
   733  0010EE  EF7D  F008         	goto	i2l920
   734  0010F2                     i2l918:
   735                           
   736                           ;I2C_slave.c: 224:                 I2Cstatus = 0;
   737  0010F2  0E00               	movlw	0
   738  0010F4  6E09               	movwf	_I2Cstatus^0,c
   739                           
   740                           ;I2C_slave.c: 225:                 Rxbuf.idx = 0;
   741  0010F6  0E00               	movlw	0
   742  0010F8  6E04               	movwf	(_Rxbuf+3)^0,c
   743  0010FA                     i2l920:
   744                           
   745                           ;I2C_slave.c: 229:         SSPCON1bits.SSPOV = 0;
   746  0010FA  9CC6               	bcf	198,6,c	;volatile
   747  0010FC                     
   748                           ;I2C_slave.c: 230:         SSPCON1bits.WCOL = 0;
   749  0010FC  9EC6               	bcf	198,7,c	;volatile
   750  0010FE                     
   751                           ;I2C_slave.c: 231:         PIR1bits.SSPIF = 0;
   752  0010FE  969E               	bcf	158,3,c	;volatile
   753  001100                     
   754                           ;I2C_slave.c: 232:         SSPCON1bits.CKP = 1;
   755  001100  88C6               	bsf	198,4,c	;volatile
   756  001102                     i2l928:
   757                           
   758                           ;I2C_slave.c: 235:     if(PIR1bits.ADIF==1){
   759  001102  AC9E               	btfss	158,6,c	;volatile
   760  001104  EF86  F008         	goto	i2u11_41
   761  001108  EF88  F008         	goto	i2u11_40
   762  00110C                     i2u11_41:
   763  00110C  EF8B  F008         	goto	i2l143
   764  001110                     i2u11_40:
   765  001110                     
   766                           ;I2C_slave.c: 237:         PIR1bits.ADIF = 0;
   767  001110  9C9E               	bcf	158,6,c	;volatile
   768                           
   769                           ;I2C_slave.c: 238:         Txbuf.data[0] = ADRESH;
   770  001112  CFC4 F005          	movff	4036,_Txbuf	;volatile
   771  001116                     i2l143:
   772                           
   773                           ;I2C_slave.c: 241:     if(INTCONbits.TMR0IF == 1){
   774  001116  A4F2               	btfss	242,2,c	;volatile
   775  001118  EF90  F008         	goto	i2u12_41
   776  00111C  EF92  F008         	goto	i2u12_40
   777  001120                     i2u12_41:
   778  001120  EFA6  F008         	goto	i2l146
   779  001124                     i2u12_40:
   780  001124                     
   781                           ;I2C_slave.c: 242:         TMR0H = 0x4C;
   782  001124  0E4C               	movlw	76
   783  001126  6ED7               	movwf	215,c	;volatile
   784                           
   785                           ;I2C_slave.c: 243:         TMR0L = 0xB0;
   786  001128  0EB0               	movlw	176
   787  00112A  6ED6               	movwf	214,c	;volatile
   788  00112C                     
   789                           ;I2C_slave.c: 244:         INTCONbits.TMR0IF=0;
   790  00112C  94F2               	bcf	242,2,c	;volatile
   791  00112E                     
   792                           ;I2C_slave.c: 245:         LATBbits.LATB2 ^= 1;
   793  00112E  748A               	btg	138,2,c	;volatile
   794  001130                     
   795                           ;I2C_slave.c: 246:         ADCON0bits.GODONE = 1;
   796  001130  82C2               	bsf	194,1,c	;volatile
   797  001132                     
   798                           ;I2C_slave.c: 247:         T0count++;
   799  001132  2A0A               	incf	_T0count^0,f,c
   800  001134                     
   801                           ;I2C_slave.c: 248:         if(T0count==T0Thres){
   802  001134  500F               	movf	_T0Thres^0,w,c
   803  001136  180A               	xorwf	_T0count^0,w,c
   804  001138  A4D8               	btfss	status,2,c
   805  00113A  EFA1  F008         	goto	i2u13_41
   806  00113E  EFA3  F008         	goto	i2u13_40
   807  001142                     i2u13_41:
   808  001142  EFA6  F008         	goto	i2l146
   809  001146                     i2u13_40:
   810  001146                     
   811                           ;I2C_slave.c: 249:             LATCbits.LATC7 ^= 1;
   812  001146  7E8B               	btg	139,7,c	;volatile
   813  001148                     
   814                           ;I2C_slave.c: 250:             T0count = 0;
   815  001148  0E00               	movlw	0
   816  00114A  6E0A               	movwf	_T0count^0,c
   817  00114C                     i2l146:
   818  00114C  C012  FFDA         	movff	??_high_ISR+1,fsr2h
   819  001150  C011  FFD9         	movff	??_high_ISR,fsr2l
   820  001154  9213               	bcf	int$flags,1,c	;clear compiler interrupt flag (level 2)
   821  001156  0011               	retfie		f
   822  001158                     __end_of_high_ISR:
   823                           	opt callstack 0
   824  0000                     
   825                           	psect	rparam
   826  0000                     
   827                           	psect	temp
   828  000013                     btemp:
   829                           	opt callstack 0
   830  000013                     	ds	1
   831  0000                     int$flags	set	btemp
   832  0000                     wtemp8	set	btemp+1
   833  0000                     ttemp5	set	btemp+1
   834  0000                     ttemp6	set	btemp+4
   835  0000                     ttemp7	set	btemp+8
   836                           tosu	equ	0xFFF
   837                           tosh	equ	0xFFE
   838                           tosl	equ	0xFFD
   839                           stkptr	equ	0xFFC
   840                           pclatu	equ	0xFFB
   841                           pclath	equ	0xFFA
   842                           pcl	equ	0xFF9
   843                           tblptru	equ	0xFF8
   844                           tblptrh	equ	0xFF7
   845                           tblptrl	equ	0xFF6
   846                           tablat	equ	0xFF5
   847                           prodh	equ	0xFF4
   848                           prodl	equ	0xFF3
   849                           indf0	equ	0xFEF
   850                           postinc0	equ	0xFEE
   851                           postdec0	equ	0xFED
   852                           preinc0	equ	0xFEC
   853                           plusw0	equ	0xFEB
   854                           fsr0h	equ	0xFEA
   855                           fsr0l	equ	0xFE9
   856                           wreg	equ	0xFE8
   857                           indf1	equ	0xFE7
   858                           postinc1	equ	0xFE6
   859                           postdec1	equ	0xFE5
   860                           preinc1	equ	0xFE4
   861                           plusw1	equ	0xFE3
   862                           fsr1h	equ	0xFE2
   863                           fsr1l	equ	0xFE1
   864                           bsr	equ	0xFE0
   865                           indf2	equ	0xFDF
   866                           postinc2	equ	0xFDE
   867                           postdec2	equ	0xFDD
   868                           preinc2	equ	0xFDC
   869                           plusw2	equ	0xFDB
   870                           fsr2h	equ	0xFDA
   871                           fsr2l	equ	0xFD9
   872                           status	equ	0xFD8


Data Sizes:
    Strings     0
    Constant    0
    Data        2
    BSS         14
    Persistent  0
    Stack       0

Auto Spaces:
    Space          Size  Autos    Used
    COMRAM           94      2      18
    BANK0           160      0       0
    BANK1           256      0       0
    BANK2           256      0       0
    BANK3           256      0       0
    BANK4           256      0       0
    BANK5           256      0       0
    BANK6           256      0       0
    BANK7           256      0       0

Pointer List with Targets:

    None.

Critical Paths under _main in COMRAM

    None.

Critical Paths under _high_ISR in COMRAM

    None.

Critical Paths under _main in BANK0

    None.

Critical Paths under _high_ISR in BANK0

    None.

Critical Paths under _main in BANK1

    None.

Critical Paths under _high_ISR in BANK1

    None.

Critical Paths under _main in BANK2

    None.

Critical Paths under _high_ISR in BANK2

    None.

Critical Paths under _main in BANK3

    None.

Critical Paths under _high_ISR in BANK3

    None.

Critical Paths under _main in BANK4

    None.

Critical Paths under _high_ISR in BANK4

    None.

Critical Paths under _main in BANK5

    None.

Critical Paths under _high_ISR in BANK5

    None.

Critical Paths under _main in BANK6

    None.

Critical Paths under _high_ISR in BANK6

    None.

Critical Paths under _main in BANK7

    None.

Critical Paths under _high_ISR in BANK7

    None.

Call Graph Tables:

 ---------------------------------------------------------------------------------
 (Depth) Function   	        Calls       Base Space   Used Autos Params    Refs
 ---------------------------------------------------------------------------------
 (0) _main                                                 0     0      0       0
                           _init_ADC
                          _init_Chip
                           _init_I2C
                           _init_TM0
 ---------------------------------------------------------------------------------
 (1) _init_TM0                                             0     0      0       0
 ---------------------------------------------------------------------------------
 (1) _init_I2C                                             0     0      0       0
 ---------------------------------------------------------------------------------
 (1) _init_Chip                                            0     0      0       0
 ---------------------------------------------------------------------------------
 (1) _init_ADC                                             0     0      0       0
 ---------------------------------------------------------------------------------
 Estimated maximum stack depth 1
 ---------------------------------------------------------------------------------
 (Depth) Function   	        Calls       Base Space   Used Autos Params    Refs
 ---------------------------------------------------------------------------------
 (2) _high_ISR                                             2     2      0       0
                                              0 COMRAM     2     2      0
 ---------------------------------------------------------------------------------
 Estimated maximum stack depth 2
 ---------------------------------------------------------------------------------

 Call Graph Graphs:

 _main (ROOT)
   _init_ADC
   _init_Chip
   _init_I2C
   _init_TM0

 _high_ISR (ROOT)

 Address spaces:
Name               Size   Autos  Total    Cost      Usage
BIGRAM             7FF      0       0      21        0.0%
EEDATA             100      0       0       0        0.0%
BITBANK7           100      0       0      19        0.0%
BANK7              100      0       0      20        0.0%
BITBANK6           100      0       0      17        0.0%
BANK6              100      0       0      18        0.0%
BITBANK5           100      0       0      15        0.0%
BANK5              100      0       0      16        0.0%
BITBANK4           100      0       0      13        0.0%
BANK4              100      0       0      14        0.0%
BITBANK3           100      0       0      11        0.0%
BANK3              100      0       0      12        0.0%
BITBANK2           100      0       0       9        0.0%
BANK2              100      0       0      10        0.0%
BITBANK1           100      0       0       7        0.0%
BANK1              100      0       0       8        0.0%
BITBANK0            A0      0       0       4        0.0%
BANK0               A0      0       0       5        0.0%
BITCOMRAM           5E      0       0       0        0.0%
COMRAM              5E      2      12       1       19.1%
BITSFR_1             0      0       0     200        0.0%
SFR_1                0      0       0     200        0.0%
BITSFR               0      0       0     200        0.0%
SFR                  0      0       0     200        0.0%
STACK                0      0       0       2        0.0%
NULL                 0      0       0       0        0.0%
ABS                  0      0      12       6        0.0%
DATA                 0      0      12       3        0.0%
CODE                 0      0       0       0        0.0%


Microchip Technology PIC18 Macro Assembler V2.10 build 88905656 
Symbol Table                                                                                   Fri Apr 17 16:18:58 2020

            _SSPSTATbits 000FC7                       u10 11A2                       u11 119E  
                    l113 1206                      l122 1240                      l106 11A8  
                    l116 1220                      l128 1232                      l822 11E0  
                    l830 120C                      l824 11E4                      l832 121C  
                    l840 122E                      l826 1204                      l834 121E  
                    l842 1230                      l850 1174                      l836 1234  
                    l828 1208                      l860 1182                      l852 1176  
                    l844 115C                      l838 1222                      l870 11A2  
                    l862 1186                      l854 117A                      l846 116C  
                    l864 118A                      l856 117E                      l848 1170  
                    l866 118E                      l858 1180                      l868 1192  
                    _PR2 000FBB                      wreg 000FE8                     _LATA 000F89  
                   _LATB 000F8A                     _LATC 000F8B                     _TMR2 000FBC  
                   _addr 000D                     _data 000E                     _main 115C  
                   _sent 0010                     fsr2h 000FDA                     indf2 000FDF  
                   fsr2l 000FD9                     btemp 0013                     start 1158  
           ___param_bank 000000                    ?_main 0011                    _T0CON 000FD5  
                  _T2CON 000FBA                    i2l143 1116                    i2l146 114C  
                  i2l138 109C                    i2l900 1076                    i2l910 10C2  
                  i2l902 1088                    i2l912 10D2                    i2l920 10FA  
                  i2l904 1094                    i2l930 1110                    i2l922 10FC  
                  i2l914 10D4                    i2l906 10A0                    i2l940 1132  
                  i2l932 1124                    i2l924 10FE                    i2l916 10E6  
                  i2l908 10B2                    i2l942 1134                    i2l934 112C  
                  i2l926 1100                    i2l918 10F2                    i2l944 1146  
                  i2l936 112E                    i2l928 1102                    i2l946 1148  
                  i2l938 1130                    i2l890 1040                    i2l892 1044  
                  i2l884 1012                    i2l894 1054                    i2l886 1020  
                  i2l896 1064                    i2l888 102E                    i2l898 1074  
                  _TMR0H 000FD7                    _TMR0L 000FD6                    _PORTA 000F80  
                  _PORTB 000F81                    _TRISA 000F92                    _TRISB 000F93  
                  _TRISC 000F94                    _Rxbuf 0001                    _Txbuf 0005  
                  tablat 000FF5                    ttemp5 0014                    ttemp6 0017  
                  ttemp7 001B                    status 000FD8                    wtemp8 0014  
        __initialization 11B2             __end_of_main 11B2                   ??_main 0013  
          __activetblptr 000000                   _ADCON0 000FC2                   _ADCON1 000FC1  
                 _ADCON2 000FC0                   _ADRESH 000FC4                   _ANSELA 000F5B  
                 i2u2_40 1020                   i2u2_41 101C                   i2u3_40 102E  
                 i2u3_41 102A                   i2u4_40 1040                   i2u4_41 103C  
                 i2u5_40 1054                   i2u5_41 1050                   i2u6_40 1064  
                 i2u6_41 1060                   i2u7_40 1088                   i2u7_41 1084  
                 _SSPADD 000FC8                   i2u8_40 10B2                   i2u8_41 10AE  
                 i2u9_40 10C2                   i2u9_41 10BE                   _SSPBUF 000FC9  
       __end_of_high_ISR 1158         __end_of_init_I2C 1222         __end_of_init_ADC 1242  
       __end_of_init_TM0 1234                   clear_0 11D0             __pdataCOMRAM 000F  
                 tblptrh 000FF7                   tblptrl 000FF6                   tblptru 000FF8  
             __accesstop 0060  __end_of__initialization 11D6            ___rparam_used 000001  
         __pcstackCOMRAM 0011       __size_of_init_Chip 0028                  _CM1CON0 000F98  
                _T0Thres 000F                  i2u10_40 10E6                  i2u10_41 10E2  
                i2u11_40 1110                  i2u11_41 110C                  i2u12_40 1124  
                i2u12_41 1120                  i2u13_40 1146                  i2u13_41 1142  
                _T0count 000A                ?_high_ISR 0011                  _SSPCON1 000FC6  
                _SSPCON2 000FC5                  _SSPSTAT 000FC7                ?_init_I2C 0011  
              ?_init_ADC 0011                ?_init_TM0 0011                  __Hparam 0000  
                __Lparam 0000                _I2Cstatus 0009                  __pcinit 11B2  
                __ramtop 0800                  __ptext0 115C                  __ptext1 1222  
                __ptext2 1208                  __ptext3 11E0                  __ptext4 1234  
              _T0CONbits 000FD5        __end_of_init_Chip 1208                _T2CONbits 000FBA  
             ??_high_ISR 0011     end_of_initialization 11D6               ??_init_I2C 0013  
             ??_init_ADC 0013               ??_init_TM0 0013                  postinc0 000FEE  
              _TRISBbits 000F93            __pidataCOMRAM 1242      start_initialization 11B2  
            __pbssCOMRAM 0001        __size_of_high_ISR 0150        __size_of_init_I2C 001A  
      __size_of_init_ADC 000E        __size_of_init_TM0 0012                _data_past 000C  
              __pintcode 1008                _init_Chip 11E0                 _LATBbits 000F8A  
               _LATCbits 000F8B                 _PIE1bits 000F9D                 _PIR1bits 000F9E  
             _ADCON0bits 000FC2               ?_init_Chip 0011                 __Hrparam 0000  
               __Lrparam 0000                 _RxStatus 000B                 _high_ISR 1008  
               _init_I2C 1208                 _init_ADC 1234                 _init_TM0 1222  
          __size_of_main 0056                 int$flags 0013               _INTCONbits 000FF2  
            ??_init_Chip 0013                 intlevel2 0000              _SSPCON1bits 000FC6  
